000|Postcode's lenght is not valid.|Wed Aug 23 2017 18:15:58 GMT-0500 (CDT)
000000|000 000 is not a valid UK postcode.|Wed Aug 23 2017 18:15:59 GMT-0500 (CDT)
01776|01 776 is not a valid UK postcode.|Wed Aug 23 2017 18:16:00 GMT-0500 (CDT)
02-691|02- 691 is not a valid UK postcode.|Wed Aug 23 2017 18:16:01 GMT-0500 (CDT)
02340|02 340 is not a valid UK postcode.|Wed Aug 23 2017 18:16:02 GMT-0500 (CDT)
04538|04 538 is not a valid UK postcode.|Wed Aug 23 2017 18:16:03 GMT-0500 (CDT)
06108|06 108 is not a valid UK postcode.|Wed Aug 23 2017 18:16:04 GMT-0500 (CDT)
06707-000|Postcode's lenght is not valid.|Wed Aug 23 2017 18:16:05 GMT-0500 (CDT)
08029|08 029 is not a valid UK postcode.|Wed Aug 23 2017 18:16:06 GMT-0500 (CDT)
08558|08 558 is not a valid UK postcode.|Wed Aug 23 2017 18:16:07 GMT-0500 (CDT)
1007|Postcode's lenght is not valid.|Wed Aug 23 2017 18:16:08 GMT-0500 (CDT)
10120|10 120 is not a valid UK postcode.|Wed Aug 23 2017 18:16:09 GMT-0500 (CDT)
1028381|1028 381 is not a valid UK postcode.|Wed Aug 23 2017 18:16:10 GMT-0500 (CDT)
1040|Postcode's lenght is not valid.|Wed Aug 23 2017 18:16:11 GMT-0500 (CDT)
11 000|11 000 is not a valid UK postcode.|Wed Aug 23 2017 18:16:12 GMT-0500 (CDT)
11324|11 324 is not a valid UK postcode.|Wed Aug 23 2017 18:16:13 GMT-0500 (CDT)
11429|11 429 is not a valid UK postcode.|Wed Aug 23 2017 18:16:14 GMT-0500 (CDT)
11437|11 437 is not a valid UK postcode.|Wed Aug 23 2017 18:16:15 GMT-0500 (CDT)
118 58|11 858 is not a valid UK postcode.|Wed Aug 23 2017 18:16:16 GMT-0500 (CDT)
1180|Postcode's lenght is not valid.|Wed Aug 23 2017 18:16:17 GMT-0500 (CDT)
12120|12 120 is not a valid UK postcode.|Wed Aug 23 2017 18:16:18 GMT-0500 (CDT)
123308|123 308 is not a valid UK postcode.|Wed Aug 23 2017 18:16:19 GMT-0500 (CDT)
125284|125 284 is not a valid UK postcode.|Wed Aug 23 2017 18:16:20 GMT-0500 (CDT)
127349|127 349 is not a valid UK postcode.|Wed Aug 23 2017 18:16:21 GMT-0500 (CDT)
1408|Postcode's lenght is not valid.|Wed Aug 23 2017 18:16:22 GMT-0500 (CDT)
151 72|15 172 is not a valid UK postcode.|Wed Aug 23 2017 18:16:23 GMT-0500 (CDT)
151 85|15 185 is not a valid UK postcode.|Wed Aug 23 2017 18:16:24 GMT-0500 (CDT)
15125|15 125 is not a valid UK postcode.|Wed Aug 23 2017 18:16:25 GMT-0500 (CDT)
15231|15 231 is not a valid UK postcode.|Wed Aug 23 2017 18:16:26 GMT-0500 (CDT)
15342|15 342 is not a valid UK postcode.|Wed Aug 23 2017 18:16:27 GMT-0500 (CDT)
16-010|16- 010 is not a valid UK postcode.|Wed Aug 23 2017 18:16:28 GMT-0500 (CDT)
19063|19 063 is not a valid UK postcode.|Wed Aug 23 2017 18:16:29 GMT-0500 (CDT)
19147|19 147 is not a valid UK postcode.|Wed Aug 23 2017 18:16:30 GMT-0500 (CDT)
192 51|19 251 is not a valid UK postcode.|Wed Aug 23 2017 18:16:31 GMT-0500 (CDT)
19348|19 348 is not a valid UK postcode.|Wed Aug 23 2017 18:16:32 GMT-0500 (CDT)
19707|19 707 is not a valid UK postcode.|Wed Aug 23 2017 18:16:33 GMT-0500 (CDT)
19807|19 807 is not a valid UK postcode.|Wed Aug 23 2017 18:16:34 GMT-0500 (CDT)
19850|19 850 is not a valid UK postcode.|Wed Aug 23 2017 18:16:35 GMT-0500 (CDT)
19850-5437|Postcode's lenght is not valid.|Wed Aug 23 2017 18:16:36 GMT-0500 (CDT)
2000|Postcode's lenght is not valid.|Wed Aug 23 2017 18:16:37 GMT-0500 (CDT)
200041|200 041 is not a valid UK postcode.|Wed Aug 23 2017 18:16:38 GMT-0500 (CDT)
200122|200 122 is not a valid UK postcode.|Wed Aug 23 2017 18:16:39 GMT-0500 (CDT)
200131|200 131 is not a valid UK postcode.|Wed Aug 23 2017 18:16:40 GMT-0500 (CDT)
20080|20 080 is not a valid UK postcode.|Wed Aug 23 2017 18:16:41 GMT-0500 (CDT)
201203|201 203 is not a valid UK postcode.|Wed Aug 23 2017 18:16:42 GMT-0500 (CDT)
201204|201 204 is not a valid UK postcode.|Wed Aug 23 2017 18:16:43 GMT-0500 (CDT)
201206|201 206 is not a valid UK postcode.|Wed Aug 23 2017 18:16:44 GMT-0500 (CDT)
2040|Postcode's lenght is not valid.|Wed Aug 23 2017 18:16:45 GMT-0500 (CDT)
2070|Postcode's lenght is not valid.|Wed Aug 23 2017 18:16:46 GMT-0500 (CDT)
20814|20 814 is not a valid UK postcode.|Wed Aug 23 2017 18:16:47 GMT-0500 (CDT)
20874|20 874 is not a valid UK postcode.|Wed Aug 23 2017 18:16:48 GMT-0500 (CDT)
20878|20 878 is not a valid UK postcode.|Wed Aug 23 2017 18:16:49 GMT-0500 (CDT)
21043|21 043 is not a valid UK postcode.|Wed Aug 23 2017 18:16:50 GMT-0500 (CDT)
215021|215 021 is not a valid UK postcode.|Wed Aug 23 2017 18:16:51 GMT-0500 (CDT)
220809|220 809 is not a valid UK postcode.|Wed Aug 23 2017 18:16:52 GMT-0500 (CDT)
22280-020|Postcode's lenght is not valid.|Wed Aug 23 2017 18:16:53 GMT-0500 (CDT)
22587|22 587 is not a valid UK postcode.|Wed Aug 23 2017 18:16:54 GMT-0500 (CDT)
22607|22 607 is not a valid UK postcode.|Wed Aug 23 2017 18:16:55 GMT-0500 (CDT)
2263 KA|226 3KA is not a valid UK postcode.|Wed Aug 23 2017 18:16:56 GMT-0500 (CDT)
22763|22 763 is not a valid UK postcode.|Wed Aug 23 2017 18:16:57 GMT-0500 (CDT)
22880|22 880 is not a valid UK postcode.|Wed Aug 23 2017 18:16:58 GMT-0500 (CDT)
24160|24 160 is not a valid UK postcode.|Wed Aug 23 2017 18:16:59 GMT-0500 (CDT)
2514BA|251 4BA is not a valid UK postcode.|Wed Aug 23 2017 18:17:00 GMT-0500 (CDT)
252 43|25 243 is not a valid UK postcode.|Wed Aug 23 2017 18:17:01 GMT-0500 (CDT)
259403|259 403 is not a valid UK postcode.|Wed Aug 23 2017 18:17:02 GMT-0500 (CDT)
27614|27 614 is not a valid UK postcode.|Wed Aug 23 2017 18:17:03 GMT-0500 (CDT)
2795-232|Postcode's lenght is not valid.|Wed Aug 23 2017 18:17:04 GMT-0500 (CDT)
28015|28 015 is not a valid UK postcode.|Wed Aug 23 2017 18:17:05 GMT-0500 (CDT)
3163|Postcode's lenght is not valid.|Wed Aug 23 2017 18:17:06 GMT-0500 (CDT)
34457|34 457 is not a valid UK postcode.|Wed Aug 23 2017 18:17:07 GMT-0500 (CDT)
4070|Postcode's lenght is not valid.|Wed Aug 23 2017 18:17:08 GMT-0500 (CDT)
4105|Postcode's lenght is not valid.|Wed Aug 23 2017 18:17:09 GMT-0500 (CDT)
411 32|41 132 is not a valid UK postcode.|Wed Aug 23 2017 18:17:10 GMT-0500 (CDT)
4125|Postcode's lenght is not valid.|Wed Aug 23 2017 18:17:11 GMT-0500 (CDT)
413 09|41 309 is not a valid UK postcode.|Wed Aug 23 2017 18:17:12 GMT-0500 (CDT)
417 67|41 767 is not a valid UK postcode.|Wed Aug 23 2017 18:17:13 GMT-0500 (CDT)
41767|41 767 is not a valid UK postcode.|Wed Aug 23 2017 18:17:14 GMT-0500 (CDT)
43204|43 204 is not a valid UK postcode.|Wed Aug 23 2017 18:17:15 GMT-0500 (CDT)
44119|44 119 is not a valid UK postcode.|Wed Aug 23 2017 18:17:16 GMT-0500 (CDT)
4450-666|Postcode's lenght is not valid.|Wed Aug 23 2017 18:17:17 GMT-0500 (CDT)
47630|47 630 is not a valid UK postcode.|Wed Aug 23 2017 18:17:18 GMT-0500 (CDT)
50480|50 480 is not a valid UK postcode.|Wed Aug 23 2017 18:17:19 GMT-0500 (CDT)
55218|55 218 is not a valid UK postcode.|Wed Aug 23 2017 18:17:20 GMT-0500 (CDT)
560024|560 024 is not a valid UK postcode.|Wed Aug 23 2017 18:17:21 GMT-0500 (CDT)
600113|600 113 is not a valid UK postcode.|Wed Aug 23 2017 18:17:22 GMT-0500 (CDT)
60590|60 590 is not a valid UK postcode.|Wed Aug 23 2017 18:17:23 GMT-0500 (CDT)
651-0084|Postcode's lenght is not valid.|Wed Aug 23 2017 18:17:24 GMT-0500 (CDT)
6570067|6570 067 is not a valid UK postcode.|Wed Aug 23 2017 18:17:25 GMT-0500 (CDT)
6575|Postcode's lenght is not valid.|Wed Aug 23 2017 18:17:26 GMT-0500 (CDT)
6580032|6580 032 is not a valid UK postcode.|Wed Aug 23 2017 18:17:27 GMT-0500 (CDT)
66687|66 687 is not a valid UK postcode.|Wed Aug 23 2017 18:17:28 GMT-0500 (CDT)
68870|68 870 is not a valid UK postcode.|Wed Aug 23 2017 18:17:29 GMT-0500 (CDT)
72076|72 076 is not a valid UK postcode.|Wed Aug 23 2017 18:17:30 GMT-0500 (CDT)
75008|75 008 is not a valid UK postcode.|Wed Aug 23 2017 18:17:31 GMT-0500 (CDT)
75009|75 009 is not a valid UK postcode.|Wed Aug 23 2017 18:17:32 GMT-0500 (CDT)
75018|75 018 is not a valid UK postcode.|Wed Aug 23 2017 18:17:33 GMT-0500 (CDT)
75019|75 019 is not a valid UK postcode.|Wed Aug 23 2017 18:17:34 GMT-0500 (CDT)
75070|75 070 is not a valid UK postcode.|Wed Aug 23 2017 18:17:35 GMT-0500 (CDT)
76051|76 051 is not a valid UK postcode.|Wed Aug 23 2017 18:17:36 GMT-0500 (CDT)
76092|76 092 is not a valid UK postcode.|Wed Aug 23 2017 18:17:37 GMT-0500 (CDT)
79576|79 576 is not a valid UK postcode.|Wed Aug 23 2017 18:17:38 GMT-0500 (CDT)
91430|91 430 is not a valid UK postcode.|Wed Aug 23 2017 18:17:39 GMT-0500 (CDT)
92011|92 011 is not a valid UK postcode.|Wed Aug 23 2017 18:17:40 GMT-0500 (CDT)
94402|94 402 is not a valid UK postcode.|Wed Aug 23 2017 18:17:41 GMT-0500 (CDT)
98071|98 071 is not a valid UK postcode.|Wed Aug 23 2017 18:17:42 GMT-0500 (CDT)
98119|98 119 is not a valid UK postcode.|Wed Aug 23 2017 18:17:43 GMT-0500 (CDT)
999999|999 999 is not a valid UK postcode.|Wed Aug 23 2017 18:17:44 GMT-0500 (CDT)
B-9830|B-9 830 is not a valid UK postcode.|Sun Aug 27 2017 23:06:51 GMT-0500 (CDT)
BS11 OEF|BS11 OEF is not a valid UK postcode.|Sun Aug 27 2017 23:12:18 GMT-0500 (CDT)
CB22 65Q|CB22 65Q is not a valid UK postcode.|Tue Aug 29 2017 11:24:53 GMT-0500 (CDT)
CB25 ORT|CB25 ORT is not a valid UK postcode.|Wed Aug 30 2017 15:59:11 GMT-0500 (CDT)
CB8 OUW|CB8 OUW is not a valid UK postcode.|Fri Sep 01 2017 11:04:24 GMT-0500 (CDT)
CH-4051|CH-4 051 is not a valid UK postcode.|Fri Sep 01 2017 11:07:04 GMT-0500 (CDT)
CH-6313|CH-6 313 is not a valid UK postcode.|Fri Sep 01 2017 11:07:05 GMT-0500 (CDT)
CH43 ORZ|CH43 ORZ is not a valid UK postcode.|Fri Sep 01 2017 11:09:10 GMT-0500 (CDT)
CV10 0H|CV1 00H is not a valid UK postcode.|Sat Sep 02 2017 15:48:59 GMT-0500 (CDT)
EX10 OED|EX10 OED is not a valid UK postcode.|Mon Sep 04 2017 08:50:06 GMT-0500 (CDT)
IP31 1Q|IP3 11Q is not a valid UK postcode.|Tue Sep 05 2017 09:14:59 GMT-0500 (CDT)
JG897600A|Postcode's lenght is not valid.|Tue Sep 05 2017 09:15:45 GMT-0500 (CDT)
L-1242|L-1 242 is not a valid UK postcode.|Tue Sep 05 2017 09:17:08 GMT-0500 (CDT)
