BH149LL|error: duplicate key value violates unique constraint "ptp_travel_drive_times_pkey"|Sun Aug 27 2017 23:09:11 GMT-0500 (CDT)
CB1 3PG|error: duplicate key value violates unique constraint "ptp_travel_drive_times_pkey"|Mon Aug 28 2017 08:43:33 GMT-0500 (CDT)
CB113DS|error: duplicate key value violates unique constraint "ptp_travel_drive_times_pkey"|Mon Aug 28 2017 08:49:25 GMT-0500 (CDT)
CB12BH|error: duplicate key value violates unique constraint "ptp_travel_drive_times_pkey"|Mon Aug 28 2017 08:49:35 GMT-0500 (CDT)
CB17AN|error: duplicate key value violates unique constraint "ptp_travel_drive_times_pkey"|Mon Aug 28 2017 08:49:40 GMT-0500 (CDT)
CB19TN|error: duplicate key value violates unique constraint "ptp_travel_drive_times_pkey"|Tue Aug 29 2017 11:16:39 GMT-0500 (CDT)
CB22 5DP|error: duplicate key value violates unique constraint "ptp_travel_drive_times_pkey"|Tue Aug 29 2017 12:11:08 GMT-0500 (CDT)
CB22 5DU|error: duplicate key value violates unique constraint "ptp_travel_drive_times_pkey"|Tue Aug 29 2017 12:11:10 GMT-0500 (CDT)
CB22 5DX|error: duplicate key value violates unique constraint "ptp_travel_drive_times_pkey"|Tue Aug 29 2017 12:11:12 GMT-0500 (CDT)
CB22 5EA|error: duplicate key value violates unique constraint "ptp_travel_drive_times_pkey"|Tue Aug 29 2017 12:11:14 GMT-0500 (CDT)
CB22 5EJ|error: duplicate key value violates unique constraint "ptp_travel_drive_times_pkey"|Tue Aug 29 2017 12:11:16 GMT-0500 (CDT)
CB22 5EL|error: duplicate key value violates unique constraint "ptp_travel_drive_times_pkey"|Tue Aug 29 2017 12:11:18 GMT-0500 (CDT)
CB22 5ES|error: duplicate key value violates unique constraint "ptp_travel_drive_times_pkey"|Tue Aug 29 2017 12:11:21 GMT-0500 (CDT)
CB22 5EZ|error: duplicate key value violates unique constraint "ptp_travel_drive_times_pkey"|Tue Aug 29 2017 12:11:22 GMT-0500 (CDT)
CB22 5FA|error: duplicate key value violates unique constraint "ptp_travel_drive_times_pkey"|Tue Aug 29 2017 12:11:24 GMT-0500 (CDT)
CB22 5FL|error: duplicate key value violates unique constraint "ptp_travel_drive_times_pkey"|Tue Aug 29 2017 12:11:26 GMT-0500 (CDT)
CB22 5FN|error: duplicate key value violates unique constraint "ptp_travel_drive_times_pkey"|Tue Aug 29 2017 12:11:27 GMT-0500 (CDT)
CB22 5FP|error: duplicate key value violates unique constraint "ptp_travel_drive_times_pkey"|Tue Aug 29 2017 12:11:29 GMT-0500 (CDT)
CB22 5FQ|error: duplicate key value violates unique constraint "ptp_travel_drive_times_pkey"|Tue Aug 29 2017 12:11:31 GMT-0500 (CDT)
CB22 5FR|error: duplicate key value violates unique constraint "ptp_travel_drive_times_pkey"|Tue Aug 29 2017 12:11:33 GMT-0500 (CDT)
CB236FP|error: duplicate key value violates unique constraint "ptp_travel_drive_times_pkey"|Wed Aug 30 2017 15:54:48 GMT-0500 (CDT)
CB28DG|error: duplicate key value violates unique constraint "ptp_travel_drive_times_pkey"|Wed Aug 30 2017 15:59:15 GMT-0500 (CDT)
CB28DX|error: duplicate key value violates unique constraint "ptp_travel_drive_times_pkey"|Wed Aug 30 2017 15:59:18 GMT-0500 (CDT)
CB28PA|error: duplicate key value violates unique constraint "ptp_travel_drive_times_pkey"|Wed Aug 30 2017 15:59:20 GMT-0500 (CDT)
CB29BG|error: duplicate key value violates unique constraint "ptp_travel_drive_times_pkey"|Wed Aug 30 2017 15:59:25 GMT-0500 (CDT)
CB41SX|error: duplicate key value violates unique constraint "ptp_travel_drive_times_pkey"|Wed Aug 30 2017 16:03:57 GMT-0500 (CDT)
CB42JD|error: duplicate key value violates unique constraint "ptp_travel_drive_times_pkey"|Wed Aug 30 2017 16:03:58 GMT-0500 (CDT)
CB58NY|error: duplicate key value violates unique constraint "ptp_travel_drive_times_pkey"|Wed Aug 30 2017 16:05:45 GMT-0500 (CDT)
CM61XR|error: duplicate key value violates unique constraint "ptp_travel_drive_times_pkey"|Sat Sep 02 2017 15:47:27 GMT-0500 (CDT)
CW114NU|error: duplicate key value violates unique constraint "ptp_travel_drive_times_pkey"|Sat Sep 02 2017 15:52:55 GMT-0500 (CDT)
CW121LS|error: duplicate key value violates unique constraint "ptp_travel_drive_times_pkey"|Sun Sep 03 2017 22:50:21 GMT-0500 (CDT)
CW123HZ|error: duplicate key value violates unique constraint "ptp_travel_drive_times_pkey"|Sun Sep 03 2017 22:50:25 GMT-0500 (CDT)
CW123LY|error: duplicate key value violates unique constraint "ptp_travel_drive_times_pkey"|Sun Sep 03 2017 22:50:26 GMT-0500 (CDT)
CW123TB|error: duplicate key value violates unique constraint "ptp_travel_drive_times_pkey"|Sun Sep 03 2017 22:50:27 GMT-0500 (CDT)
CW123TN|error: duplicate key value violates unique constraint "ptp_travel_drive_times_pkey"|Sun Sep 03 2017 22:50:29 GMT-0500 (CDT)
CW124NR|error: duplicate key value violates unique constraint "ptp_travel_drive_times_pkey"|Sun Sep 03 2017 22:50:33 GMT-0500 (CDT)
CW25SD|error: duplicate key value violates unique constraint "ptp_travel_drive_times_pkey"|Sun Sep 03 2017 22:51:15 GMT-0500 (CDT)
CW48HR|error: duplicate key value violates unique constraint "ptp_travel_drive_times_pkey"|Sun Sep 03 2017 22:53:14 GMT-0500 (CDT)
CW48LJ|error: duplicate key value violates unique constraint "ptp_travel_drive_times_pkey"|Sun Sep 03 2017 22:53:15 GMT-0500 (CDT)
CW84XD|error: duplicate key value violates unique constraint "ptp_travel_drive_times_pkey"|Sun Sep 03 2017 22:56:40 GMT-0500 (CDT)
DE43GS|error: duplicate key value violates unique constraint "ptp_travel_drive_times_pkey"|Mon Sep 04 2017 08:44:37 GMT-0500 (CDT)
KT160GB|error: duplicate key value violates unique constraint "ptp_travel_drive_times_pkey"|Tue Sep 05 2017 09:16:29 GMT-0500 (CDT)
L267XJ|error: duplicate key value violates unique constraint "ptp_travel_drive_times_pkey"|Mon Sep 11 2017 11:08:20 GMT-0500 (CDT)
M337TA|error: duplicate key value violates unique constraint "ptp_travel_drive_times_pkey"|Wed Sep 13 2017 12:16:04 GMT-0500 (CDT)
NN126YE|error: duplicate key value violates unique constraint "ptp_travel_drive_times_pkey"|Mon Sep 18 2017 14:46:33 GMT-0500 (CDT)
NW37TS|error: duplicate key value violates unique constraint "ptp_travel_drive_times_pkey"|Mon Sep 18 2017 14:50:40 GMT-0500 (CDT)
SA152EQ|error: duplicate key value violates unique constraint "ptp_travel_drive_times_pkey"|Tue Sep 19 2017 08:55:07 GMT-0500 (CDT)
SA35LS|error: duplicate key value violates unique constraint "ptp_travel_drive_times_pkey"|Tue Sep 19 2017 08:55:25 GMT-0500 (CDT)
SG86AD|error: duplicate key value violates unique constraint "ptp_travel_drive_times_pkey"|Fri Sep 22 2017 14:02:13 GMT-0500 (CDT)
SG89BT|error: duplicate key value violates unique constraint "ptp_travel_drive_times_pkey"|Fri Sep 22 2017 14:02:14 GMT-0500 (CDT)
SK101DF|error: duplicate key value violates unique constraint "ptp_travel_drive_times_pkey"|Mon Sep 25 2017 10:26:38 GMT-0500 (CDT)
SK101QU|error: duplicate key value violates unique constraint "ptp_travel_drive_times_pkey"|Mon Sep 25 2017 10:26:40 GMT-0500 (CDT)
SK102BJ|error: duplicate key value violates unique constraint "ptp_travel_drive_times_pkey"|Mon Sep 25 2017 10:26:42 GMT-0500 (CDT)
SK102JB|error: duplicate key value violates unique constraint "ptp_travel_drive_times_pkey"|Mon Sep 25 2017 10:26:47 GMT-0500 (CDT)
SK102SP|error: duplicate key value violates unique constraint "ptp_travel_drive_times_pkey"|Mon Sep 25 2017 10:26:51 GMT-0500 (CDT)
SK103GF|error: duplicate key value violates unique constraint "ptp_travel_drive_times_pkey"|Mon Sep 25 2017 10:27:00 GMT-0500 (CDT)
SK103HU|error: duplicate key value violates unique constraint "ptp_travel_drive_times_pkey"|Mon Sep 25 2017 10:27:02 GMT-0500 (CDT)
SK103JA|error: duplicate key value violates unique constraint "ptp_travel_drive_times_pkey"|Mon Sep 25 2017 10:27:05 GMT-0500 (CDT)
SK103SA|error: duplicate key value violates unique constraint "ptp_travel_drive_times_pkey"|Mon Sep 25 2017 10:27:08 GMT-0500 (CDT)
SK105QT|error: duplicate key value violates unique constraint "ptp_travel_drive_times_pkey"|Mon Sep 25 2017 10:27:12 GMT-0500 (CDT)
SK105UE|error: duplicate key value violates unique constraint "ptp_travel_drive_times_pkey"|Mon Sep 25 2017 10:27:14 GMT-0500 (CDT)
SK116ET|error: duplicate key value violates unique constraint "ptp_travel_drive_times_pkey"|Tue Sep 26 2017 13:56:31 GMT-0500 (CDT)
SK116QX|error: duplicate key value violates unique constraint "ptp_travel_drive_times_pkey"|Tue Sep 26 2017 13:56:34 GMT-0500 (CDT)
SK116XL|error: duplicate key value violates unique constraint "ptp_travel_drive_times_pkey"|Tue Sep 26 2017 13:56:39 GMT-0500 (CDT)
SK117BF|error: duplicate key value violates unique constraint "ptp_travel_drive_times_pkey"|Tue Sep 26 2017 13:56:41 GMT-0500 (CDT)
SK117RG|error: duplicate key value violates unique constraint "ptp_travel_drive_times_pkey"|Tue Sep 26 2017 13:56:45 GMT-0500 (CDT)
SK117YG|error: duplicate key value violates unique constraint "ptp_travel_drive_times_pkey"|Tue Sep 26 2017 13:56:47 GMT-0500 (CDT)
SK118BP|error: duplicate key value violates unique constraint "ptp_travel_drive_times_pkey"|Tue Sep 26 2017 13:56:52 GMT-0500 (CDT)
SK118SQ|error: duplicate key value violates unique constraint "ptp_travel_drive_times_pkey"|Tue Sep 26 2017 13:56:57 GMT-0500 (CDT)
SK176PD|error: duplicate key value violates unique constraint "ptp_travel_drive_times_pkey"|Tue Sep 26 2017 14:13:06 GMT-0500 (CDT)
SK43LE|error: duplicate key value violates unique constraint "ptp_travel_drive_times_pkey"|Wed Sep 27 2017 16:56:36 GMT-0500 (CDT)
SK73EU|error: duplicate key value violates unique constraint "ptp_travel_drive_times_pkey"|Wed Sep 27 2017 17:07:01 GMT-0500 (CDT)
SK94BT|error: duplicate key value violates unique constraint "ptp_travel_drive_times_pkey"|Thu Sep 28 2017 14:47:18 GMT-0500 (CDT)
SK95 EQ|error: duplicate key value violates unique constraint "ptp_travel_drive_times_pkey"|Thu Sep 28 2017 14:47:23 GMT-0500 (CDT)
SK95HE|error: duplicate key value violates unique constraint "ptp_travel_drive_times_pkey"|Thu Sep 28 2017 14:47:50 GMT-0500 (CDT)
SK9 7AU|error: duplicate key value violates unique constraint "ptp_travel_drive_times_pkey"|Thu Sep 28 2017 14:55:10 GMT-0500 (CDT)
SK9 7EB|error: duplicate key value violates unique constraint "ptp_travel_drive_times_pkey"|Thu Sep 28 2017 14:55:13 GMT-0500 (CDT)
SK9 7ES|error: duplicate key value violates unique constraint "ptp_travel_drive_times_pkey"|Thu Sep 28 2017 14:55:15 GMT-0500 (CDT)
SK9 7EU|error: duplicate key value violates unique constraint "ptp_travel_drive_times_pkey"|Thu Sep 28 2017 14:55:22 GMT-0500 (CDT)
SK9 7EX|error: duplicate key value violates unique constraint "ptp_travel_drive_times_pkey"|Thu Sep 28 2017 14:55:24 GMT-0500 (CDT)
SK9 7GL|error: duplicate key value violates unique constraint "ptp_travel_drive_times_pkey"|Thu Sep 28 2017 14:55:27 GMT-0500 (CDT)
SK9 7GP|error: duplicate key value violates unique constraint "ptp_travel_drive_times_pkey"|Thu Sep 28 2017 14:55:29 GMT-0500 (CDT)
SK9 7GR|error: duplicate key value violates unique constraint "ptp_travel_drive_times_pkey"|Thu Sep 28 2017 14:55:31 GMT-0500 (CDT)
SK9 7HB|error: duplicate key value violates unique constraint "ptp_travel_drive_times_pkey"|Thu Sep 28 2017 14:55:33 GMT-0500 (CDT)
SK9 7HP|error: duplicate key value violates unique constraint "ptp_travel_drive_times_pkey"|Thu Sep 28 2017 14:55:35 GMT-0500 (CDT)
SK9 7HT|error: duplicate key value violates unique constraint "ptp_travel_drive_times_pkey"|Thu Sep 28 2017 14:55:39 GMT-0500 (CDT)
SK9 7HX|error: duplicate key value violates unique constraint "ptp_travel_drive_times_pkey"|Thu Sep 28 2017 14:55:41 GMT-0500 (CDT)
SK9 7HZ|error: duplicate key value violates unique constraint "ptp_travel_drive_times_pkey"|Thu Sep 28 2017 14:55:44 GMT-0500 (CDT)
SK9 7JE|error: duplicate key value violates unique constraint "ptp_travel_drive_times_pkey"|Thu Sep 28 2017 14:55:46 GMT-0500 (CDT)
SK9 7JT|error: duplicate key value violates unique constraint "ptp_travel_drive_times_pkey"|Thu Sep 28 2017 14:55:48 GMT-0500 (CDT)
SK9 7LE|error: duplicate key value violates unique constraint "ptp_travel_drive_times_pkey"|Thu Sep 28 2017 14:55:50 GMT-0500 (CDT)
SK9 7LS|error: duplicate key value violates unique constraint "ptp_travel_drive_times_pkey"|Thu Sep 28 2017 14:55:53 GMT-0500 (CDT)
SK9 7LT|error: duplicate key value violates unique constraint "ptp_travel_drive_times_pkey"|Thu Sep 28 2017 14:55:55 GMT-0500 (CDT)
SK9 7LX|error: duplicate key value violates unique constraint "ptp_travel_drive_times_pkey"|Thu Sep 28 2017 14:56:03 GMT-0500 (CDT)
SK9 7NB|error: duplicate key value violates unique constraint "ptp_travel_drive_times_pkey"|Thu Sep 28 2017 14:56:06 GMT-0500 (CDT)
SK9 7NF|error: duplicate key value violates unique constraint "ptp_travel_drive_times_pkey"|Thu Sep 28 2017 14:56:09 GMT-0500 (CDT)
SK9 7NJ|error: duplicate key value violates unique constraint "ptp_travel_drive_times_pkey"|Thu Sep 28 2017 14:56:11 GMT-0500 (CDT)
SK9 7NS|error: duplicate key value violates unique constraint "ptp_travel_drive_times_pkey"|Thu Sep 28 2017 14:56:28 GMT-0500 (CDT)
SK9 7PL|error: duplicate key value violates unique constraint "ptp_travel_drive_times_pkey"|Thu Sep 28 2017 14:56:31 GMT-0500 (CDT)
SK9 7PP|error: duplicate key value violates unique constraint "ptp_travel_drive_times_pkey"|Thu Sep 28 2017 14:56:33 GMT-0500 (CDT)
SK9 7PQ|error: duplicate key value violates unique constraint "ptp_travel_drive_times_pkey"|Thu Sep 28 2017 14:56:35 GMT-0500 (CDT)
SK9 7QP|error: duplicate key value violates unique constraint "ptp_travel_drive_times_pkey"|Thu Sep 28 2017 14:56:38 GMT-0500 (CDT)
SK9 7QT|error: duplicate key value violates unique constraint "ptp_travel_drive_times_pkey"|Thu Sep 28 2017 14:56:40 GMT-0500 (CDT)
SK9 7RA|error: duplicate key value violates unique constraint "ptp_travel_drive_times_pkey"|Thu Sep 28 2017 14:56:42 GMT-0500 (CDT)
SK9 7RB|error: duplicate key value violates unique constraint "ptp_travel_drive_times_pkey"|Thu Sep 28 2017 14:56:45 GMT-0500 (CDT)
SK9 7RU|error: duplicate key value violates unique constraint "ptp_travel_drive_times_pkey"|Thu Sep 28 2017 14:56:48 GMT-0500 (CDT)
SK9 7SD|error: duplicate key value violates unique constraint "ptp_travel_drive_times_pkey"|Thu Sep 28 2017 14:56:50 GMT-0500 (CDT)
SK9 7SR|error: duplicate key value violates unique constraint "ptp_travel_drive_times_pkey"|Thu Sep 28 2017 14:56:52 GMT-0500 (CDT)
SK9 7TE|error: duplicate key value violates unique constraint "ptp_travel_drive_times_pkey"|Thu Sep 28 2017 14:56:55 GMT-0500 (CDT)
SK9 7TL|error: duplicate key value violates unique constraint "ptp_travel_drive_times_pkey"|Thu Sep 28 2017 14:56:57 GMT-0500 (CDT)
SK9 7TP|error: duplicate key value violates unique constraint "ptp_travel_drive_times_pkey"|Thu Sep 28 2017 14:57:00 GMT-0500 (CDT)
SK9 7TR|error: duplicate key value violates unique constraint "ptp_travel_drive_times_pkey"|Thu Sep 28 2017 14:57:03 GMT-0500 (CDT)
SK9 7UL|error: duplicate key value violates unique constraint "ptp_travel_drive_times_pkey"|Thu Sep 28 2017 14:57:05 GMT-0500 (CDT)
SK9 7UR|error: duplicate key value violates unique constraint "ptp_travel_drive_times_pkey"|Thu Sep 28 2017 14:57:07 GMT-0500 (CDT)
SK9 7UW|error: duplicate key value violates unique constraint "ptp_travel_drive_times_pkey"|Thu Sep 28 2017 14:57:10 GMT-0500 (CDT)
SK9 7UX|error: duplicate key value violates unique constraint "ptp_travel_drive_times_pkey"|Thu Sep 28 2017 14:57:13 GMT-0500 (CDT)
SK9 7WA|error: duplicate key value violates unique constraint "ptp_travel_drive_times_pkey"|Thu Sep 28 2017 14:57:16 GMT-0500 (CDT)
